2024-11-27 16:52:56,233 - INFO - Successfully scraped cl_st1_poc1_input\CPA\2023\Baixada Santista\CPA 2023 Fatec Baixada Santista.pdf
2024-11-27 16:52:56,402 - INFO - Successfully scraped cl_st1_poc1_input\CPA\2023\Cotia\CPA 2023 Fatec Cotia.pdf
2024-11-27 16:52:56,780 - INFO - Successfully scraped cl_st1_poc1_input\CPA\2023\Diadema\CPA 2023 Fatec Diadema.pdf
2024-11-27 16:52:57,085 - INFO - Successfully scraped cl_st1_poc1_input\CPA\2023\Ipiranga\CPA 2023 Fatec Ipiranga.pdf
2024-11-27 16:52:57,290 - INFO - Successfully scraped cl_st1_poc1_input\CPA\2023\Mauá\CPA 2023 Fatec Mauá.pdf
2024-11-27 16:52:57,632 - INFO - Successfully scraped cl_st1_poc1_input\CPA\2023\Praia Grande\CPA 2023 Fatec PG.pdf
2024-11-27 16:52:57,905 - INFO - Successfully scraped cl_st1_poc1_input\CPA\2023\Praia Grande\CPA 2023 Fatec Praia Grande.pdf
2024-11-27 16:52:58,135 - INFO - Successfully scraped cl_st1_poc1_input\CPA\2023\Santo André\CPA 2023 FATEC Santo André.pdf
2024-11-27 16:52:58,610 - INFO - Successfully scraped cl_st1_poc1_input\CPA\2023\São Bernardo do Campo\CPA 2023 Fatec São Bernardo do Campo.pdf
2024-11-27 16:52:59,026 - INFO - Successfully scraped cl_st1_poc1_input\CPA\2023\São Caetano do Sul\CPA 2023 Fatec São Caetano do Sul.pdf
2024-11-27 16:52:59,259 - INFO - Successfully scraped cl_st1_poc1_input\CPA\2023\Zona Sul\CPA 2023 Fatec Zona Sul.pdf
2024-11-27 16:52:59,470 - INFO - Successfully scraped cl_st1_poc1_input\CPA\2024\Baixada Santista\CPA 2023-2024 Fatec Baixada Santista.pdf
2024-11-27 16:52:59,642 - INFO - Successfully scraped cl_st1_poc1_input\CPA\2024\Cotia\CPA 2023-2024 Fatec Cotia.pdf
2024-11-27 16:52:59,816 - INFO - Successfully scraped cl_st1_poc1_input\CPA\2024\Diadema\CPA 2023-2024 Fatec Diadema.pdf
2024-11-27 16:53:00,125 - INFO - Successfully scraped cl_st1_poc1_input\CPA\2024\Ipiranga\CPA 2023-2024 Fatec Ipiranga.pdf
2024-11-27 16:53:00,344 - INFO - Successfully scraped cl_st1_poc1_input\CPA\2024\Mauá\CPA 2023-2024 Fatec Mauá.pdf
2024-11-27 16:53:00,582 - INFO - Successfully scraped cl_st1_poc1_input\CPA\2024\Praia Grande\CPA 2023-2024 Fatec Praia Grande.pdf
2024-11-27 16:53:00,733 - INFO - Successfully scraped cl_st1_poc1_input\CPA\2024\Santo André\CPA 2023-2024 Fatec Santo Andre\u0301.pdf
2024-11-27 16:53:00,883 - INFO - Successfully scraped cl_st1_poc1_input\CPA\2024\São Bernardo do Campo\CPA 2023-2024 Fatec São Bernardo do Campo.pdf
2024-11-27 16:53:01,198 - INFO - Successfully scraped cl_st1_poc1_input\CPA\2024\São Caetano do Sul\CPA 2023-2024 Fatec São Caetano do Sul.pdf
2024-11-27 16:53:01,397 - INFO - Successfully scraped cl_st1_poc1_input\CPA\2024\Zona Sul\CPA 2023-2024 Fatec Zona Sul.pdf
2024-11-27 16:53:01,624 - INFO - Successfully scraped cl_st1_poc1_input\CPA\2025\Baixada Santista\CPA 2025 Fatec Baixada Santista.pdf
2024-11-27 16:53:01,869 - INFO - Successfully scraped cl_st1_poc1_input\CPA\2025\Cotia\CPA 2025 Fatec Cotia.pdf
2024-11-27 16:53:02,193 - INFO - Successfully scraped cl_st1_poc1_input\CPA\2025\Diadema\CPA 2025 Fatec Diadema.pdf
2024-11-27 16:53:02,457 - INFO - Successfully scraped cl_st1_poc1_input\CPA\2025\Ipiranga\CPA 2025 Fatec Ipiranga.pdf
2024-11-27 16:53:04,442 - INFO - Successfully scraped cl_st1_poc1_input\CPA\2025\Mauá\CPA 2025 Fatec Mauá.pdf
2024-11-27 16:53:04,669 - INFO - Successfully scraped cl_st1_poc1_input\CPA\2025\Praia Grande\CPA 2025 Fatec Praia Grande.pdf
2024-11-27 16:53:04,902 - INFO - Successfully scraped cl_st1_poc1_input\CPA\2025\Santo André\CPA 2025 Fatec Santo André.pdf
2024-11-27 16:53:05,164 - INFO - Successfully scraped cl_st1_poc1_input\CPA\2025\São Bernardo do Campo\CPA 2025 Fatec São Bernardo do Campo.pdf
2024-11-27 16:53:05,538 - INFO - Successfully scraped cl_st1_poc1_input\CPA\2025\São Caetano do Sul\CPA 2025 Fatec São Caetano do Sul.pdf
2024-11-27 16:53:05,872 - INFO - Successfully scraped cl_st1_poc1_input\CPA\2025\Zona Sul\CPA 2025 Fatec Zona Sul.pdf
2024-11-27 16:53:06,368 - INFO - Successfully scraped cl_st1_poc1_input\PDI\2023\Baixada Santista\PDI 2023 Fatec Baixada Santista.pdf
2024-11-27 16:53:06,987 - INFO - Successfully scraped cl_st1_poc1_input\PDI\2023\Cotia\PDI 2023 Fatec Cotia.pdf
2024-11-27 16:53:07,517 - INFO - Successfully scraped cl_st1_poc1_input\PDI\2023\Diadema\PDI 2023 Fatec Diadema.pdf
2024-11-27 16:53:08,043 - INFO - Successfully scraped cl_st1_poc1_input\PDI\2023\Ipiranga\PDI 2023 Fatec Ipiranga.pdf
2024-11-27 16:53:08,586 - INFO - Successfully scraped cl_st1_poc1_input\PDI\2023\Mauá\PDI 2023 Fatec Mauá.pdf
2024-11-27 16:53:09,151 - INFO - Successfully scraped cl_st1_poc1_input\PDI\2023\Praia Grande\PDI 2023 Fatec Praia Grande.pdf
2024-11-27 16:53:09,623 - INFO - Successfully scraped cl_st1_poc1_input\PDI\2023\Santo André\PDI 2023 Fatec Santo André.pdf
2024-11-27 16:53:10,160 - INFO - Successfully scraped cl_st1_poc1_input\PDI\2023\São Bernardo do Campo\PDI 2023 Fatec São Bernardo do Campo.pdf
2024-11-27 16:53:10,597 - INFO - Successfully scraped cl_st1_poc1_input\PDI\2023\São Caetano do Sul\PDI 2023 Fatec São Caetano do Sul.pdf
2024-11-27 16:53:11,012 - INFO - Successfully scraped cl_st1_poc1_input\PDI\2023\Zona Sul\PDI 2023 Fatec Zona Sul.pdf
2024-11-27 16:53:11,139 - INFO - Successfully scraped cl_st1_poc1_input\PGA\2023\Baixada Santista\PGA 2023 Fatec Baixada Santista.pdf
2024-11-27 16:53:11,343 - INFO - Successfully scraped cl_st1_poc1_input\PGA\2023\Cotia\PGA 2023 Fatec Cotia.pdf
2024-11-27 16:53:11,451 - INFO - Successfully scraped cl_st1_poc1_input\PGA\2023\Diadema\PGA 2023 Fatec Diadema.pdf
2024-11-27 16:53:11,611 - INFO - Successfully scraped cl_st1_poc1_input\PGA\2023\Ipiranga\PGA 2023 Fatec Ipiranga.pdf
2024-11-27 16:53:11,705 - INFO - Successfully scraped cl_st1_poc1_input\PGA\2023\Mauá\PGA 2023 Fatec Mauá.pdf
2024-11-27 16:53:11,890 - INFO - Successfully scraped cl_st1_poc1_input\PGA\2023\Praia Grande\PGA 2023 Fatec Praia Grande.pdf
2024-11-27 16:53:11,967 - INFO - Successfully scraped cl_st1_poc1_input\PGA\2023\Santo André\PGA 2023 Fatec Santo André.pdf
2024-11-27 16:53:12,107 - INFO - Successfully scraped cl_st1_poc1_input\PGA\2023\São Bernardo do Campo\PGA 2023 Fatec São Bernardo do Campo.pdf
2024-11-27 16:53:12,268 - INFO - Successfully scraped cl_st1_poc1_input\PGA\2023\São Caetano do Sul\PGA 2023 Fatec São Caetano do Sul.pdf
2024-11-27 16:53:12,372 - INFO - Successfully scraped cl_st1_poc1_input\PGA\2023\Zona Sul\PGA 2023 Fatec Zona Sul.pdf
2024-11-27 16:53:12,535 - INFO - Successfully scraped cl_st1_poc1_input\PGA\2024\Baixada Santista\PGA 2024 Fatec Baixada Santista.pdf
2024-11-27 16:53:12,812 - INFO - Successfully scraped cl_st1_poc1_input\PGA\2024\Cotia\PGA 2024 Fatec Cotia.pdf
2024-11-27 16:53:13,136 - INFO - Successfully scraped cl_st1_poc1_input\PGA\2024\Diadema\PGA 2024 Fatec Diadema.pdf
2024-11-27 16:53:13,396 - INFO - Successfully scraped cl_st1_poc1_input\PGA\2024\Ipiranga\PGA 2024 Fatec Ipiranga.pdf
2024-11-27 16:53:13,650 - INFO - Successfully scraped cl_st1_poc1_input\PGA\2024\Mauá\PGA 2024 Fatec Mauá.pdf
2024-11-27 16:53:13,959 - INFO - Successfully scraped cl_st1_poc1_input\PGA\2024\Praia Grande\PGA 2024 Fatec Praia Grande.pdf
2024-11-27 16:53:14,122 - INFO - Successfully scraped cl_st1_poc1_input\PGA\2024\Santo André\PGA 2024 Fatec Santo André.pdf
2024-11-27 16:53:14,299 - INFO - Successfully scraped cl_st1_poc1_input\PGA\2024\São Bernardo do Campo\PGA 2024 Fatec São Bernardo do Campo.pdf
2024-11-27 16:53:14,635 - INFO - Successfully scraped cl_st1_poc1_input\PGA\2024\São Caetano do Sul\PGA 2024 Fatec São Caetano do Sul.pdf
2024-11-27 16:53:14,759 - INFO - Successfully scraped cl_st1_poc1_input\PGA\2024\Zona Sul\PGA 2024 Fatec Zona Sul.pdf
2024-11-27 16:53:14,992 - INFO - Successfully scraped cl_st1_poc1_input\PGA\2025\Baixada Santista\PGA 2025_Fatec Baixada Santista.pdf
2024-11-27 16:53:15,470 - INFO - Successfully scraped cl_st1_poc1_input\PGA\2025\Cotia\PGA 2025_Fatec Cotia.pdf
2024-11-27 16:53:15,908 - INFO - Successfully scraped cl_st1_poc1_input\PGA\2025\Diadema\PGA 2025_Fatec Diadema.pdf
2024-11-27 16:53:16,204 - INFO - Successfully scraped cl_st1_poc1_input\PGA\2025\Ipiranga\PGA 2025_Fatec Ipiranga.pdf
2024-11-27 16:53:16,499 - INFO - Successfully scraped cl_st1_poc1_input\PGA\2025\Mauá\PGA 2025_Fatec Mauá.pdf
2024-11-27 16:53:16,911 - INFO - Successfully scraped cl_st1_poc1_input\PGA\2025\Praia Grande\PGA 2025_Fatec Praia Grande.pdf
2024-11-27 16:53:17,124 - INFO - Successfully scraped cl_st1_poc1_input\PGA\2025\Santo André\PGA 2025_Fatec Santo André.pdf
2024-11-27 16:53:17,372 - INFO - Successfully scraped cl_st1_poc1_input\PGA\2025\São Bernardo do Campo\PGA 2025_Fatec São Bernardo do Campo.pdf
2024-11-27 16:53:17,809 - INFO - Successfully scraped cl_st1_poc1_input\PGA\2025\São Caetano do Sul\PGA 2025_Fatec São Caetano do Sul.pdf
2024-11-27 16:53:17,971 - INFO - Successfully scraped cl_st1_poc1_input\PGA\2025\Zona Sul\PGA 2025_Fatec Zona Sul.pdf
2024-11-27 16:54:18,296 - INFO - Copied: cl_st1_poc1_input\CPA\2023\Baixada Santista\CPA 2023 Fatec Baixada Santista.pdf to cl_st1_poc1_output\t000000.pdf
2024-11-27 16:54:18,304 - INFO - Copied: cl_st1_poc1_input\CPA\2023\Cotia\CPA 2023 Fatec Cotia.pdf to cl_st1_poc1_output\t000001.pdf
2024-11-27 16:54:18,314 - INFO - Copied: cl_st1_poc1_input\CPA\2023\Diadema\CPA 2023 Fatec Diadema.pdf to cl_st1_poc1_output\t000002.pdf
2024-11-27 16:54:18,326 - INFO - Copied: cl_st1_poc1_input\CPA\2023\Ipiranga\CPA 2023 Fatec Ipiranga.pdf to cl_st1_poc1_output\t000003.pdf
2024-11-27 16:54:18,337 - INFO - Copied: cl_st1_poc1_input\CPA\2023\Mauá\CPA 2023 Fatec Mauá.pdf to cl_st1_poc1_output\t000004.pdf
2024-11-27 16:54:18,349 - INFO - Copied: cl_st1_poc1_input\CPA\2023\Praia Grande\CPA 2023 Fatec PG.pdf to cl_st1_poc1_output\t000005.pdf
2024-11-27 16:54:18,362 - INFO - Copied: cl_st1_poc1_input\CPA\2023\Praia Grande\CPA 2023 Fatec Praia Grande.pdf to cl_st1_poc1_output\t000006.pdf
2024-11-27 16:54:18,376 - INFO - Copied: cl_st1_poc1_input\CPA\2023\Santo André\CPA 2023 FATEC Santo André.pdf to cl_st1_poc1_output\t000007.pdf
2024-11-27 16:54:18,385 - INFO - Copied: cl_st1_poc1_input\CPA\2023\São Bernardo do Campo\CPA 2023 Fatec São Bernardo do Campo.pdf to cl_st1_poc1_output\t000008.pdf
2024-11-27 16:54:18,394 - INFO - Copied: cl_st1_poc1_input\CPA\2023\São Caetano do Sul\CPA 2023 Fatec São Caetano do Sul.pdf to cl_st1_poc1_output\t000009.pdf
2024-11-27 16:54:18,402 - INFO - Copied: cl_st1_poc1_input\CPA\2023\Zona Sul\CPA 2023 Fatec Zona Sul.pdf to cl_st1_poc1_output\t000010.pdf
2024-11-27 16:54:18,409 - INFO - Copied: cl_st1_poc1_input\CPA\2024\Baixada Santista\CPA 2023-2024 Fatec Baixada Santista.pdf to cl_st1_poc1_output\t000011.pdf
2024-11-27 16:54:18,420 - INFO - Copied: cl_st1_poc1_input\CPA\2024\Cotia\CPA 2023-2024 Fatec Cotia.pdf to cl_st1_poc1_output\t000012.pdf
2024-11-27 16:54:18,430 - INFO - Copied: cl_st1_poc1_input\CPA\2024\Diadema\CPA 2023-2024 Fatec Diadema.pdf to cl_st1_poc1_output\t000013.pdf
2024-11-27 16:54:18,441 - INFO - Copied: cl_st1_poc1_input\CPA\2024\Ipiranga\CPA 2023-2024 Fatec Ipiranga.pdf to cl_st1_poc1_output\t000014.pdf
2024-11-27 16:54:18,449 - INFO - Copied: cl_st1_poc1_input\CPA\2024\Mauá\CPA 2023-2024 Fatec Mauá.pdf to cl_st1_poc1_output\t000015.pdf
2024-11-27 16:54:18,460 - INFO - Copied: cl_st1_poc1_input\CPA\2024\Praia Grande\CPA 2023-2024 Fatec Praia Grande.pdf to cl_st1_poc1_output\t000016.pdf
2024-11-27 16:54:18,466 - INFO - Copied: cl_st1_poc1_input\CPA\2024\Santo André\CPA 2023-2024 Fatec Santo Andre\u0301.pdf to cl_st1_poc1_output\t000017.pdf
2024-11-27 16:54:18,474 - INFO - Copied: cl_st1_poc1_input\CPA\2024\São Bernardo do Campo\CPA 2023-2024 Fatec São Bernardo do Campo.pdf to cl_st1_poc1_output\t000018.pdf
2024-11-27 16:54:18,482 - INFO - Copied: cl_st1_poc1_input\CPA\2024\São Caetano do Sul\CPA 2023-2024 Fatec São Caetano do Sul.pdf to cl_st1_poc1_output\t000019.pdf
2024-11-27 16:54:18,488 - INFO - Copied: cl_st1_poc1_input\CPA\2024\Zona Sul\CPA 2023-2024 Fatec Zona Sul.pdf to cl_st1_poc1_output\t000020.pdf
2024-11-27 16:54:18,494 - INFO - Copied: cl_st1_poc1_input\CPA\2025\Baixada Santista\CPA 2025 Fatec Baixada Santista.pdf to cl_st1_poc1_output\t000021.pdf
2024-11-27 16:54:18,502 - INFO - Copied: cl_st1_poc1_input\CPA\2025\Cotia\CPA 2025 Fatec Cotia.pdf to cl_st1_poc1_output\t000022.pdf
2024-11-27 16:54:18,512 - INFO - Copied: cl_st1_poc1_input\CPA\2025\Diadema\CPA 2025 Fatec Diadema.pdf to cl_st1_poc1_output\t000023.pdf
2024-11-27 16:54:18,521 - INFO - Copied: cl_st1_poc1_input\CPA\2025\Ipiranga\CPA 2025 Fatec Ipiranga.pdf to cl_st1_poc1_output\t000024.pdf
2024-11-27 16:54:18,569 - INFO - Copied: cl_st1_poc1_input\CPA\2025\Mauá\CPA 2025 Fatec Mauá.pdf to cl_st1_poc1_output\t000025.pdf
2024-11-27 16:54:18,583 - INFO - Copied: cl_st1_poc1_input\CPA\2025\Praia Grande\CPA 2025 Fatec Praia Grande.pdf to cl_st1_poc1_output\t000026.pdf
2024-11-27 16:54:18,588 - INFO - Copied: cl_st1_poc1_input\CPA\2025\Santo André\CPA 2025 Fatec Santo André.pdf to cl_st1_poc1_output\t000027.pdf
2024-11-27 16:54:18,597 - INFO - Copied: cl_st1_poc1_input\CPA\2025\São Bernardo do Campo\CPA 2025 Fatec São Bernardo do Campo.pdf to cl_st1_poc1_output\t000028.pdf
2024-11-27 16:54:18,606 - INFO - Copied: cl_st1_poc1_input\CPA\2025\São Caetano do Sul\CPA 2025 Fatec São Caetano do Sul.pdf to cl_st1_poc1_output\t000029.pdf
2024-11-27 16:54:18,615 - INFO - Copied: cl_st1_poc1_input\CPA\2025\Zona Sul\CPA 2025 Fatec Zona Sul.pdf to cl_st1_poc1_output\t000030.pdf
2024-11-27 16:54:18,623 - INFO - Copied: cl_st1_poc1_input\PDI\2023\Baixada Santista\PDI 2023 Fatec Baixada Santista.pdf to cl_st1_poc1_output\t000031.pdf
2024-11-27 16:54:18,630 - INFO - Copied: cl_st1_poc1_input\PDI\2023\Cotia\PDI 2023 Fatec Cotia.pdf to cl_st1_poc1_output\t000032.pdf
2024-11-27 16:54:18,637 - INFO - Copied: cl_st1_poc1_input\PDI\2023\Diadema\PDI 2023 Fatec Diadema.pdf to cl_st1_poc1_output\t000033.pdf
2024-11-27 16:54:18,645 - INFO - Copied: cl_st1_poc1_input\PDI\2023\Ipiranga\PDI 2023 Fatec Ipiranga.pdf to cl_st1_poc1_output\t000034.pdf
2024-11-27 16:54:18,653 - INFO - Copied: cl_st1_poc1_input\PDI\2023\Mauá\PDI 2023 Fatec Mauá.pdf to cl_st1_poc1_output\t000035.pdf
2024-11-27 16:54:18,662 - INFO - Copied: cl_st1_poc1_input\PDI\2023\Praia Grande\PDI 2023 Fatec Praia Grande.pdf to cl_st1_poc1_output\t000036.pdf
2024-11-27 16:54:18,672 - INFO - Copied: cl_st1_poc1_input\PDI\2023\Santo André\PDI 2023 Fatec Santo André.pdf to cl_st1_poc1_output\t000037.pdf
2024-11-27 16:54:18,680 - INFO - Copied: cl_st1_poc1_input\PDI\2023\São Bernardo do Campo\PDI 2023 Fatec São Bernardo do Campo.pdf to cl_st1_poc1_output\t000038.pdf
2024-11-27 16:54:18,688 - INFO - Copied: cl_st1_poc1_input\PDI\2023\São Caetano do Sul\PDI 2023 Fatec São Caetano do Sul.pdf to cl_st1_poc1_output\t000039.pdf
2024-11-27 16:54:18,694 - INFO - Copied: cl_st1_poc1_input\PDI\2023\Zona Sul\PDI 2023 Fatec Zona Sul.pdf to cl_st1_poc1_output\t000040.pdf
2024-11-27 16:54:18,699 - INFO - Copied: cl_st1_poc1_input\PGA\2023\Baixada Santista\PGA 2023 Fatec Baixada Santista.pdf to cl_st1_poc1_output\t000041.pdf
2024-11-27 16:54:18,703 - INFO - Copied: cl_st1_poc1_input\PGA\2023\Cotia\PGA 2023 Fatec Cotia.pdf to cl_st1_poc1_output\t000042.pdf
2024-11-27 16:54:18,707 - INFO - Copied: cl_st1_poc1_input\PGA\2023\Diadema\PGA 2023 Fatec Diadema.pdf to cl_st1_poc1_output\t000043.pdf
2024-11-27 16:54:18,712 - INFO - Copied: cl_st1_poc1_input\PGA\2023\Ipiranga\PGA 2023 Fatec Ipiranga.pdf to cl_st1_poc1_output\t000044.pdf
2024-11-27 16:54:18,715 - INFO - Copied: cl_st1_poc1_input\PGA\2023\Mauá\PGA 2023 Fatec Mauá.pdf to cl_st1_poc1_output\t000045.pdf
2024-11-27 16:54:18,719 - INFO - Copied: cl_st1_poc1_input\PGA\2023\Praia Grande\PGA 2023 Fatec Praia Grande.pdf to cl_st1_poc1_output\t000046.pdf
2024-11-27 16:54:18,721 - INFO - Copied: cl_st1_poc1_input\PGA\2023\Santo André\PGA 2023 Fatec Santo André.pdf to cl_st1_poc1_output\t000047.pdf
2024-11-27 16:54:18,724 - INFO - Copied: cl_st1_poc1_input\PGA\2023\São Bernardo do Campo\PGA 2023 Fatec São Bernardo do Campo.pdf to cl_st1_poc1_output\t000048.pdf
2024-11-27 16:54:18,726 - INFO - Copied: cl_st1_poc1_input\PGA\2023\São Caetano do Sul\PGA 2023 Fatec São Caetano do Sul.pdf to cl_st1_poc1_output\t000049.pdf
2024-11-27 16:54:18,729 - INFO - Copied: cl_st1_poc1_input\PGA\2023\Zona Sul\PGA 2023 Fatec Zona Sul.pdf to cl_st1_poc1_output\t000050.pdf
2024-11-27 16:54:18,731 - INFO - Copied: cl_st1_poc1_input\PGA\2024\Baixada Santista\PGA 2024 Fatec Baixada Santista.pdf to cl_st1_poc1_output\t000051.pdf
2024-11-27 16:54:18,736 - INFO - Copied: cl_st1_poc1_input\PGA\2024\Cotia\PGA 2024 Fatec Cotia.pdf to cl_st1_poc1_output\t000052.pdf
2024-11-27 16:54:18,738 - INFO - Copied: cl_st1_poc1_input\PGA\2024\Diadema\PGA 2024 Fatec Diadema.pdf to cl_st1_poc1_output\t000053.pdf
2024-11-27 16:54:18,740 - INFO - Copied: cl_st1_poc1_input\PGA\2024\Ipiranga\PGA 2024 Fatec Ipiranga.pdf to cl_st1_poc1_output\t000054.pdf
2024-11-27 16:54:18,743 - INFO - Copied: cl_st1_poc1_input\PGA\2024\Mauá\PGA 2024 Fatec Mauá.pdf to cl_st1_poc1_output\t000055.pdf
2024-11-27 16:54:18,746 - INFO - Copied: cl_st1_poc1_input\PGA\2024\Praia Grande\PGA 2024 Fatec Praia Grande.pdf to cl_st1_poc1_output\t000056.pdf
2024-11-27 16:54:18,748 - INFO - Copied: cl_st1_poc1_input\PGA\2024\Santo André\PGA 2024 Fatec Santo André.pdf to cl_st1_poc1_output\t000057.pdf
2024-11-27 16:54:18,752 - INFO - Copied: cl_st1_poc1_input\PGA\2024\São Bernardo do Campo\PGA 2024 Fatec São Bernardo do Campo.pdf to cl_st1_poc1_output\t000058.pdf
2024-11-27 16:54:18,755 - INFO - Copied: cl_st1_poc1_input\PGA\2024\São Caetano do Sul\PGA 2024 Fatec São Caetano do Sul.pdf to cl_st1_poc1_output\t000059.pdf
2024-11-27 16:54:18,758 - INFO - Copied: cl_st1_poc1_input\PGA\2024\Zona Sul\PGA 2024 Fatec Zona Sul.pdf to cl_st1_poc1_output\t000060.pdf
2024-11-27 16:54:18,762 - INFO - Copied: cl_st1_poc1_input\PGA\2025\Baixada Santista\PGA 2025_Fatec Baixada Santista.pdf to cl_st1_poc1_output\t000061.pdf
2024-11-27 16:54:18,765 - INFO - Copied: cl_st1_poc1_input\PGA\2025\Cotia\PGA 2025_Fatec Cotia.pdf to cl_st1_poc1_output\t000062.pdf
2024-11-27 16:54:18,768 - INFO - Copied: cl_st1_poc1_input\PGA\2025\Diadema\PGA 2025_Fatec Diadema.pdf to cl_st1_poc1_output\t000063.pdf
2024-11-27 16:54:18,770 - INFO - Copied: cl_st1_poc1_input\PGA\2025\Ipiranga\PGA 2025_Fatec Ipiranga.pdf to cl_st1_poc1_output\t000064.pdf
2024-11-27 16:54:18,774 - INFO - Copied: cl_st1_poc1_input\PGA\2025\Mauá\PGA 2025_Fatec Mauá.pdf to cl_st1_poc1_output\t000065.pdf
2024-11-27 16:54:18,777 - INFO - Copied: cl_st1_poc1_input\PGA\2025\Praia Grande\PGA 2025_Fatec Praia Grande.pdf to cl_st1_poc1_output\t000066.pdf
2024-11-27 16:54:18,779 - INFO - Copied: cl_st1_poc1_input\PGA\2025\Santo André\PGA 2025_Fatec Santo André.pdf to cl_st1_poc1_output\t000067.pdf
2024-11-27 16:54:18,781 - INFO - Copied: cl_st1_poc1_input\PGA\2025\São Bernardo do Campo\PGA 2025_Fatec São Bernardo do Campo.pdf to cl_st1_poc1_output\t000068.pdf
2024-11-27 16:54:18,785 - INFO - Copied: cl_st1_poc1_input\PGA\2025\São Caetano do Sul\PGA 2025_Fatec São Caetano do Sul.pdf to cl_st1_poc1_output\t000069.pdf
2024-11-27 16:54:18,788 - INFO - Copied: cl_st1_poc1_input\PGA\2025\Zona Sul\PGA 2025_Fatec Zona Sul.pdf to cl_st1_poc1_output\t000070.pdf
2024-11-27 17:03:00,761 - INFO - Successfully saved tokenised file: cl_st1_poc1_output/t000000_tokenised.txt
2024-11-27 17:03:00,778 - INFO - Successfully saved tokenised file: cl_st1_poc1_output/t000001_tokenised.txt
2024-11-27 17:03:00,794 - INFO - Successfully saved tokenised file: cl_st1_poc1_output/t000002_tokenised.txt
2024-11-27 17:03:00,810 - INFO - Successfully saved tokenised file: cl_st1_poc1_output/t000003_tokenised.txt
2024-11-27 17:03:00,826 - INFO - Successfully saved tokenised file: cl_st1_poc1_output/t000004_tokenised.txt
2024-11-27 17:03:00,844 - INFO - Successfully saved tokenised file: cl_st1_poc1_output/t000005_tokenised.txt
2024-11-27 17:03:00,865 - INFO - Successfully saved tokenised file: cl_st1_poc1_output/t000006_tokenised.txt
2024-11-27 17:03:00,880 - INFO - Successfully saved tokenised file: cl_st1_poc1_output/t000007_tokenised.txt
2024-11-27 17:03:00,898 - INFO - Successfully saved tokenised file: cl_st1_poc1_output/t000008_tokenised.txt
2024-11-27 17:03:00,915 - INFO - Successfully saved tokenised file: cl_st1_poc1_output/t000009_tokenised.txt
2024-11-27 17:03:00,931 - INFO - Successfully saved tokenised file: cl_st1_poc1_output/t000010_tokenised.txt
2024-11-27 17:03:00,948 - INFO - Successfully saved tokenised file: cl_st1_poc1_output/t000011_tokenised.txt
2024-11-27 17:03:00,967 - INFO - Successfully saved tokenised file: cl_st1_poc1_output/t000012_tokenised.txt
2024-11-27 17:03:00,984 - INFO - Successfully saved tokenised file: cl_st1_poc1_output/t000013_tokenised.txt
2024-11-27 17:03:00,999 - INFO - Successfully saved tokenised file: cl_st1_poc1_output/t000014_tokenised.txt
2024-11-27 17:03:01,014 - INFO - Successfully saved tokenised file: cl_st1_poc1_output/t000015_tokenised.txt
2024-11-27 17:03:01,033 - INFO - Successfully saved tokenised file: cl_st1_poc1_output/t000016_tokenised.txt
2024-11-27 17:03:01,050 - INFO - Successfully saved tokenised file: cl_st1_poc1_output/t000017_tokenised.txt
2024-11-27 17:03:01,072 - INFO - Successfully saved tokenised file: cl_st1_poc1_output/t000018_tokenised.txt
2024-11-27 17:03:01,089 - INFO - Successfully saved tokenised file: cl_st1_poc1_output/t000019_tokenised.txt
2024-11-27 17:03:01,106 - INFO - Successfully saved tokenised file: cl_st1_poc1_output/t000020_tokenised.txt
2024-11-27 17:03:01,123 - INFO - Successfully saved tokenised file: cl_st1_poc1_output/t000021_tokenised.txt
2024-11-27 17:03:01,140 - INFO - Successfully saved tokenised file: cl_st1_poc1_output/t000022_tokenised.txt
2024-11-27 17:03:01,159 - INFO - Successfully saved tokenised file: cl_st1_poc1_output/t000023_tokenised.txt
2024-11-27 17:03:01,179 - INFO - Successfully saved tokenised file: cl_st1_poc1_output/t000024_tokenised.txt
2024-11-27 17:03:01,199 - INFO - Successfully saved tokenised file: cl_st1_poc1_output/t000025_tokenised.txt
2024-11-27 17:03:01,216 - INFO - Successfully saved tokenised file: cl_st1_poc1_output/t000026_tokenised.txt
2024-11-27 17:03:01,232 - INFO - Successfully saved tokenised file: cl_st1_poc1_output/t000027_tokenised.txt
2024-11-27 17:03:01,248 - INFO - Successfully saved tokenised file: cl_st1_poc1_output/t000028_tokenised.txt
2024-11-27 17:03:01,264 - INFO - Successfully saved tokenised file: cl_st1_poc1_output/t000029_tokenised.txt
2024-11-27 17:03:01,282 - INFO - Successfully saved tokenised file: cl_st1_poc1_output/t000030_tokenised.txt
2024-11-27 17:03:01,302 - INFO - Successfully saved tokenised file: cl_st1_poc1_output/t000031_tokenised.txt
2024-11-27 17:03:01,316 - INFO - Successfully saved tokenised file: cl_st1_poc1_output/t000032_tokenised.txt
2024-11-27 17:03:01,332 - INFO - Successfully saved tokenised file: cl_st1_poc1_output/t000033_tokenised.txt
2024-11-27 17:03:01,348 - INFO - Successfully saved tokenised file: cl_st1_poc1_output/t000034_tokenised.txt
2024-11-27 17:03:01,366 - INFO - Successfully saved tokenised file: cl_st1_poc1_output/t000035_tokenised.txt
2024-11-27 17:03:01,382 - INFO - Successfully saved tokenised file: cl_st1_poc1_output/t000036_tokenised.txt
2024-11-27 17:03:01,401 - INFO - Successfully saved tokenised file: cl_st1_poc1_output/t000037_tokenised.txt
2024-11-27 17:03:01,417 - INFO - Successfully saved tokenised file: cl_st1_poc1_output/t000038_tokenised.txt
2024-11-27 17:03:01,435 - INFO - Successfully saved tokenised file: cl_st1_poc1_output/t000039_tokenised.txt
2024-11-27 17:03:01,456 - INFO - Successfully saved tokenised file: cl_st1_poc1_output/t000040_tokenised.txt
2024-11-27 17:03:01,477 - INFO - Successfully saved tokenised file: cl_st1_poc1_output/t000041_tokenised.txt
2024-11-27 17:03:01,501 - INFO - Successfully saved tokenised file: cl_st1_poc1_output/t000042_tokenised.txt
2024-11-27 17:03:01,522 - INFO - Successfully saved tokenised file: cl_st1_poc1_output/t000043_tokenised.txt
2024-11-27 17:03:01,542 - INFO - Successfully saved tokenised file: cl_st1_poc1_output/t000044_tokenised.txt
2024-11-27 17:03:01,560 - INFO - Successfully saved tokenised file: cl_st1_poc1_output/t000045_tokenised.txt
2024-11-27 17:03:01,576 - INFO - Successfully saved tokenised file: cl_st1_poc1_output/t000046_tokenised.txt
2024-11-27 17:03:01,594 - INFO - Successfully saved tokenised file: cl_st1_poc1_output/t000047_tokenised.txt
2024-11-27 17:03:01,613 - INFO - Successfully saved tokenised file: cl_st1_poc1_output/t000048_tokenised.txt
2024-11-27 17:03:01,632 - INFO - Successfully saved tokenised file: cl_st1_poc1_output/t000049_tokenised.txt
2024-11-27 17:03:01,648 - INFO - Successfully saved tokenised file: cl_st1_poc1_output/t000050_tokenised.txt
2024-11-27 17:03:01,666 - INFO - Successfully saved tokenised file: cl_st1_poc1_output/t000051_tokenised.txt
2024-11-27 17:03:01,683 - INFO - Successfully saved tokenised file: cl_st1_poc1_output/t000052_tokenised.txt
2024-11-27 17:03:01,701 - INFO - Successfully saved tokenised file: cl_st1_poc1_output/t000053_tokenised.txt
2024-11-27 17:03:01,719 - INFO - Successfully saved tokenised file: cl_st1_poc1_output/t000054_tokenised.txt
2024-11-27 17:03:01,737 - INFO - Successfully saved tokenised file: cl_st1_poc1_output/t000055_tokenised.txt
2024-11-27 17:03:01,754 - INFO - Successfully saved tokenised file: cl_st1_poc1_output/t000056_tokenised.txt
2024-11-27 17:03:01,769 - INFO - Successfully saved tokenised file: cl_st1_poc1_output/t000057_tokenised.txt
2024-11-27 17:03:01,782 - INFO - Successfully saved tokenised file: cl_st1_poc1_output/t000058_tokenised.txt
2024-11-27 17:03:01,795 - INFO - Successfully saved tokenised file: cl_st1_poc1_output/t000059_tokenised.txt
2024-11-27 17:03:01,812 - INFO - Successfully saved tokenised file: cl_st1_poc1_output/t000060_tokenised.txt
2024-11-27 17:03:01,826 - INFO - Successfully saved tokenised file: cl_st1_poc1_output/t000061_tokenised.txt
2024-11-27 17:03:01,842 - INFO - Successfully saved tokenised file: cl_st1_poc1_output/t000062_tokenised.txt
2024-11-27 17:03:01,857 - INFO - Successfully saved tokenised file: cl_st1_poc1_output/t000063_tokenised.txt
2024-11-27 17:03:01,873 - INFO - Successfully saved tokenised file: cl_st1_poc1_output/t000064_tokenised.txt
2024-11-27 17:03:01,888 - INFO - Successfully saved tokenised file: cl_st1_poc1_output/t000065_tokenised.txt
2024-11-27 17:03:01,903 - INFO - Successfully saved tokenised file: cl_st1_poc1_output/t000066_tokenised.txt
2024-11-27 17:03:01,918 - INFO - Successfully saved tokenised file: cl_st1_poc1_output/t000067_tokenised.txt
2024-11-27 17:03:01,936 - INFO - Successfully saved tokenised file: cl_st1_poc1_output/t000068_tokenised.txt
2024-11-27 17:03:01,951 - INFO - Successfully saved tokenised file: cl_st1_poc1_output/t000069_tokenised.txt
2024-11-27 17:03:01,966 - INFO - Successfully saved tokenised file: cl_st1_poc1_output/t000070_tokenised.txt
