2025-07-19 12:54:41,425 - INFO - Successfully scraped cl_st1_ph1_fernanda_folders\cpa\22-23\r06\u005\CPA 2023 Fatec Baixada Santista.pdf
2025-07-19 12:54:41,514 - INFO - Successfully scraped cl_st1_ph1_fernanda_folders\cpa\22-23\r06\u113\CPA 2023 Fatec Mauá.pdf
2025-07-19 12:54:41,685 - INFO - Successfully scraped cl_st1_ph1_fernanda_folders\cpa\22-23\r06\u126\CPA 2023 Fatec São Bernardo do Campo.pdf
2025-07-19 12:54:41,796 - INFO - Successfully scraped cl_st1_ph1_fernanda_folders\cpa\22-23\r06\u129\CPA 2023 Fatec Praia Grande.pdf
2025-07-19 12:54:41,876 - INFO - Successfully scraped cl_st1_ph1_fernanda_folders\cpa\22-23\r06\u137\CPA 2023 Fatec Zona Sul.pdf
2025-07-19 12:54:41,956 - INFO - Successfully scraped cl_st1_ph1_fernanda_folders\cpa\22-23\r06\u160\CPA 2023 FATEC Santo André.pdf
2025-07-19 12:54:42,101 - INFO - Successfully scraped cl_st1_ph1_fernanda_folders\cpa\22-23\r06\u168\CPA 2023 Fatec São Caetano do Sul.pdf
2025-07-19 12:54:42,194 - INFO - Successfully scraped cl_st1_ph1_fernanda_folders\cpa\22-23\r06\u204\CPA 2023 Fatec Ipiranga.pdf
2025-07-19 12:54:42,323 - INFO - Successfully scraped cl_st1_ph1_fernanda_folders\cpa\22-23\r06\u217\CPA 2023 Fatec Diadema.pdf
2025-07-19 12:54:42,370 - INFO - Successfully scraped cl_st1_ph1_fernanda_folders\cpa\22-23\r06\u270\CPA 2023 Fatec Cotia.pdf
2025-07-19 12:54:42,481 - INFO - Successfully scraped cl_st1_ph1_fernanda_folders\cpa\23-24\r06\u005\CPA 2023-2024 Fatec Baixada Santista.pdf
2025-07-19 12:54:42,562 - INFO - Successfully scraped cl_st1_ph1_fernanda_folders\cpa\23-24\r06\u113\CPA 2023-2024 Fatec Mauá.pdf
2025-07-19 12:54:42,609 - INFO - Successfully scraped cl_st1_ph1_fernanda_folders\cpa\23-24\r06\u126\CPA 2023-2024 Fatec São Bernardo do Campo.pdf
2025-07-19 12:54:42,705 - INFO - Successfully scraped cl_st1_ph1_fernanda_folders\cpa\23-24\r06\u129\CPA 2023-2024 Fatec Praia Grande.pdf
2025-07-19 12:54:42,785 - INFO - Successfully scraped cl_st1_ph1_fernanda_folders\cpa\23-24\r06\u137\CPA 2023-2024 Fatec Zona Sul.pdf
2025-07-19 12:54:42,858 - INFO - Successfully scraped cl_st1_ph1_fernanda_folders\cpa\23-24\r06\u160\CPA 2023-2024 Fatec Santo André.pdf
2025-07-19 12:54:42,975 - INFO - Successfully scraped cl_st1_ph1_fernanda_folders\cpa\23-24\r06\u168\CPA 2023-2024 Fatec São Caetano do Sul.pdf
2025-07-19 12:54:43,072 - INFO - Successfully scraped cl_st1_ph1_fernanda_folders\cpa\23-24\r06\u204\CPA 2023-2024 Fatec Ipiranga.pdf
2025-07-19 12:54:43,136 - INFO - Successfully scraped cl_st1_ph1_fernanda_folders\cpa\23-24\r06\u217\CPA 2023-2024 Fatec Diadema.pdf
2025-07-19 12:54:43,199 - INFO - Successfully scraped cl_st1_ph1_fernanda_folders\cpa\23-24\r06\u270\CPA 2023-2024 Fatec Cotia.pdf
2025-07-19 12:54:43,311 - INFO - Successfully scraped cl_st1_ph1_fernanda_folders\cpa\24-25\r06\u005\CPA 2025 Fatec Baixada Santista.pdf
2025-07-19 12:54:44,206 - INFO - Successfully scraped cl_st1_ph1_fernanda_folders\cpa\24-25\r06\u113\CPA 2025 Fatec Mauá.pdf
2025-07-19 12:54:44,302 - INFO - Successfully scraped cl_st1_ph1_fernanda_folders\cpa\24-25\r06\u126\CPA 2025 Fatec São Bernardo do Campo.pdf
2025-07-19 12:54:44,398 - INFO - Successfully scraped cl_st1_ph1_fernanda_folders\cpa\24-25\r06\u129\CPA 2025 Fatec Praia Grande.pdf
2025-07-19 12:54:44,521 - INFO - Successfully scraped cl_st1_ph1_fernanda_folders\cpa\24-25\r06\u137\CPA 2025 Fatec Zona Sul.pdf
2025-07-19 12:54:44,591 - INFO - Successfully scraped cl_st1_ph1_fernanda_folders\cpa\24-25\r06\u160\CPA 2025 Fatec Santo André.pdf
2025-07-19 12:54:44,732 - INFO - Successfully scraped cl_st1_ph1_fernanda_folders\cpa\24-25\r06\u168\CPA 2025 Fatec São Caetano do Sul.pdf
2025-07-19 12:54:44,830 - INFO - Successfully scraped cl_st1_ph1_fernanda_folders\cpa\24-25\r06\u204\CPA 2025 Fatec Ipiranga.pdf
2025-07-19 12:54:44,946 - INFO - Successfully scraped cl_st1_ph1_fernanda_folders\cpa\24-25\r06\u217\CPA 2025 Fatec Diadema.pdf
2025-07-19 12:54:45,037 - INFO - Successfully scraped cl_st1_ph1_fernanda_folders\cpa\24-25\r06\u270\CPA 2025 Fatec Cotia.pdf
2025-07-19 12:54:45,261 - INFO - Successfully scraped cl_st1_ph1_fernanda_folders\pdi\23\r06\u005\PDI 2023_u005_ Fatec Baixada Santista.pdf
2025-07-19 12:54:45,469 - INFO - Successfully scraped cl_st1_ph1_fernanda_folders\pdi\23\r06\u113\PDI 2023_u113_ Fatec Mauá.pdf
2025-07-19 12:54:45,663 - INFO - Successfully scraped cl_st1_ph1_fernanda_folders\pdi\23\r06\u126\PDI 2023_u126_ Fatec São Bernardo do Campo.pdf
2025-07-19 12:54:45,876 - INFO - Successfully scraped cl_st1_ph1_fernanda_folders\pdi\23\r06\u129\PDI 2023_u129_Fatec Praia Grande.pdf
2025-07-19 12:54:46,028 - INFO - Successfully scraped cl_st1_ph1_fernanda_folders\pdi\23\r06\u137\PDI 2023_u137_ Fatec Zona Sul.pdf
2025-07-19 12:54:46,203 - INFO - Successfully scraped cl_st1_ph1_fernanda_folders\pdi\23\r06\u160\PDI 2023_u160_ Fatec Santo André.pdf
2025-07-19 12:54:46,369 - INFO - Successfully scraped cl_st1_ph1_fernanda_folders\pdi\23\r06\u168\PDI 2023_u168_ Fatec São Caetano do Sul.pdf
2025-07-19 12:54:46,560 - INFO - Successfully scraped cl_st1_ph1_fernanda_folders\pdi\23\r06\u204\PDI 2023-u204_ Fatec Ipiranga.pdf
2025-07-19 12:54:46,751 - INFO - Successfully scraped cl_st1_ph1_fernanda_folders\pdi\23\r06\u217\PDI 2023_u217_ Fatec Diadema.pdf
2025-07-19 12:54:46,989 - INFO - Successfully scraped cl_st1_ph1_fernanda_folders\pdi\23\r06\u270\PDI 2023_u270_ Fatec Cotia.pdf
2025-07-19 12:54:47,131 - INFO - Successfully scraped cl_st1_ph1_fernanda_folders\pga\23\r06\u005\PGA 2023 Fatec Baixada Santista.pdf
2025-07-19 12:54:47,162 - INFO - Successfully scraped cl_st1_ph1_fernanda_folders\pga\23\r06\u113\PGA 2023 Fatec Mauá.pdf
2025-07-19 12:54:47,225 - INFO - Successfully scraped cl_st1_ph1_fernanda_folders\pga\23\r06\u126\PGA 2023 Fatec São Bernardo do Campo.pdf
2025-07-19 12:54:47,289 - INFO - Successfully scraped cl_st1_ph1_fernanda_folders\pga\23\r06\u129\PGA 2023 Fatec Praia Grande.pdf
2025-07-19 12:54:47,337 - INFO - Successfully scraped cl_st1_ph1_fernanda_folders\pga\23\r06\u137\PGA 2023 Fatec Zona Sul.pdf
2025-07-19 12:54:47,369 - INFO - Successfully scraped cl_st1_ph1_fernanda_folders\pga\23\r06\u160\PGA 2023 Fatec Santo André.pdf
2025-07-19 12:54:47,432 - INFO - Successfully scraped cl_st1_ph1_fernanda_folders\pga\23\r06\u168\PGA 2023 Fatec São Caetano do Sul.pdf
2025-07-19 12:54:47,496 - INFO - Successfully scraped cl_st1_ph1_fernanda_folders\pga\23\r06\u204\PGA 2023 Fatec Ipiranga.pdf
2025-07-19 12:54:47,528 - INFO - Successfully scraped cl_st1_ph1_fernanda_folders\pga\23\r06\u217\PGA 2023 Fatec Diadema.pdf
2025-07-19 12:54:47,607 - INFO - Successfully scraped cl_st1_ph1_fernanda_folders\pga\23\r06\u270\PGA 2023 Fatec Cotia.pdf
2025-07-19 12:54:47,702 - INFO - Successfully scraped cl_st1_ph1_fernanda_folders\pga\24\r06\u005\PGA 2024 Fatec Baixada Santista.pdf
2025-07-19 12:54:47,796 - INFO - Successfully scraped cl_st1_ph1_fernanda_folders\pga\24\r06\u113\PGA 2024 Fatec Mauá.pdf
2025-07-19 12:54:47,876 - INFO - Successfully scraped cl_st1_ph1_fernanda_folders\pga\24\r06\u126\PGA 2024 Fatec São Bernardo do Campo.pdf
2025-07-19 12:54:47,973 - INFO - Successfully scraped cl_st1_ph1_fernanda_folders\pga\24\r06\u129\PGA 2024 Fatec Praia Grande.pdf
2025-07-19 12:54:48,020 - INFO - Successfully scraped cl_st1_ph1_fernanda_folders\pga\24\r06\u137\PGA 2024 Fatec Zona Sul.pdf
2025-07-19 12:54:48,082 - INFO - Successfully scraped cl_st1_ph1_fernanda_folders\pga\24\r06\u160\PGA 2024 Fatec Santo André.pdf
2025-07-19 12:54:48,224 - INFO - Successfully scraped cl_st1_ph1_fernanda_folders\pga\24\r06\u168\PGA 2024 Fatec São Caetano do Sul.pdf
2025-07-19 12:54:48,319 - INFO - Successfully scraped cl_st1_ph1_fernanda_folders\pga\24\r06\u204\PGA 2024 Fatec Ipiranga.pdf
2025-07-19 12:54:48,446 - INFO - Successfully scraped cl_st1_ph1_fernanda_folders\pga\24\r06\u217\PGA 2024 Fatec Diadema.pdf
2025-07-19 12:54:48,557 - INFO - Successfully scraped cl_st1_ph1_fernanda_folders\pga\24\r06\u270\PGA 2024 Fatec Cotia (1).pdf
2025-07-19 12:54:48,684 - INFO - Successfully scraped cl_st1_ph1_fernanda_folders\pga\25\r06\u005\PGA 2025_Fatec Baixada Santista.pdf
2025-07-19 12:54:48,794 - INFO - Successfully scraped cl_st1_ph1_fernanda_folders\pga\25\r06\u113\PGA 2025_Fatec Mauá.pdf
2025-07-19 12:54:48,877 - INFO - Successfully scraped cl_st1_ph1_fernanda_folders\pga\25\r06\u126\PGA 2025_Fatec São Bernardo do Campo.pdf
2025-07-19 12:54:49,033 - INFO - Successfully scraped cl_st1_ph1_fernanda_folders\pga\25\r06\u129\PGA 2025_Fatec Praia Grande.pdf
2025-07-19 12:54:49,097 - INFO - Successfully scraped cl_st1_ph1_fernanda_folders\pga\25\r06\u137\PGA 2025_Fatec Zona Sul.pdf
2025-07-19 12:54:49,176 - INFO - Successfully scraped cl_st1_ph1_fernanda_folders\pga\25\r06\u160\PGA 2025_Fatec Santo André.pdf
2025-07-19 12:54:49,335 - INFO - Successfully scraped cl_st1_ph1_fernanda_folders\pga\25\r06\u168\PGA 2025_Fatec São Caetano do Sul.pdf
2025-07-19 12:54:49,445 - INFO - Successfully scraped cl_st1_ph1_fernanda_folders\pga\25\r06\u204\PGA 2025_Fatec Ipiranga.pdf
2025-07-19 12:54:49,605 - INFO - Successfully scraped cl_st1_ph1_fernanda_folders\pga\25\r06\u217\PGA 2025_Fatec Diadema.pdf
2025-07-19 12:54:49,795 - INFO - Successfully scraped cl_st1_ph1_fernanda_folders\pga\25\r06\u270\PGA 2025_Fatec Cotia.pdf
2025-07-19 12:54:50,101 - INFO - Successfully scraped cl_st1_ph1_fernanda_folders\pga\26\r06\u005\PGA 2026 Fatec Baixada Santista.pdf
2025-07-19 12:54:50,322 - INFO - Successfully scraped cl_st1_ph1_fernanda_folders\pga\26\r06\u113\PGA 2026 Fatec Mauá.pdf
2025-07-19 12:54:50,528 - INFO - Successfully scraped cl_st1_ph1_fernanda_folders\pga\26\r06\u126\PGA 2026 Fatec São Bernardo do Campo.pdf
2025-07-19 12:54:50,703 - INFO - Successfully scraped cl_st1_ph1_fernanda_folders\pga\26\r06\u129\PGA 2026 Fatec Praia Grande.pdf
2025-07-19 12:54:50,829 - INFO - Successfully scraped cl_st1_ph1_fernanda_folders\pga\26\r06\u137\PGA 2026 Fatec Zona Sul.pdf
2025-07-19 12:54:51,051 - INFO - Successfully scraped cl_st1_ph1_fernanda_folders\pga\26\r06\u160\PGA 2026 Fatec Santo André.pdf
2025-07-19 12:54:51,309 - INFO - Successfully scraped cl_st1_ph1_fernanda_folders\pga\26\r06\u168\PGA 2026 Fatec São Caetano do Sul.pdf
2025-07-19 12:54:51,579 - INFO - Successfully scraped cl_st1_ph1_fernanda_folders\pga\26\r06\u204\PGA 2026 Fatec Ipiranga.pdf
2025-07-19 12:54:51,877 - INFO - Successfully scraped cl_st1_ph1_fernanda_folders\pga\26\r06\u217\PGA 2026 Fatec Diadema.pdf
2025-07-19 12:54:52,288 - INFO - Successfully scraped cl_st1_ph1_fernanda_folders\pga\26\r06\u270\PGA 2026 Fatec Cotia.pdf
2025-07-19 12:54:52,314 - INFO - Successfully scraped cl_st1_ph1_fernanda_folders\raa\22\r06\u005\RAA 2023 Fatec Baixada Santista.pdf
2025-07-19 12:54:52,365 - INFO - Successfully scraped cl_st1_ph1_fernanda_folders\raa\22\r06\u113\RAA 2023 Fatec Mauá.pdf
2025-07-19 12:54:52,379 - INFO - Successfully scraped cl_st1_ph1_fernanda_folders\raa\22\r06\u126\RAA 2023 Fatec São Bernardo do Campo.pdf
2025-07-19 12:54:52,394 - INFO - Successfully scraped cl_st1_ph1_fernanda_folders\raa\22\r06\u129\RAA 2023 Fatec Praia Grande.pdf
2025-07-19 12:54:52,410 - INFO - Successfully scraped cl_st1_ph1_fernanda_folders\raa\22\r06\u137\RAA 2023 Fatec Zona Sul.pdf
2025-07-19 12:54:52,426 - INFO - Successfully scraped cl_st1_ph1_fernanda_folders\raa\22\r06\u160\RAA 2023 Fatec Santo André.pdf
2025-07-19 12:54:52,442 - INFO - Successfully scraped cl_st1_ph1_fernanda_folders\raa\22\r06\u168\RAA 2023 Fatec São Caetano do Sul.pdf
2025-07-19 12:54:52,474 - INFO - Successfully scraped cl_st1_ph1_fernanda_folders\raa\22\r06\u204\RAA 2023 Fatec Ipiranga.pdf
2025-07-19 12:54:52,474 - INFO - Successfully scraped cl_st1_ph1_fernanda_folders\raa\22\r06\u217\RAA 2023 Fatec Diadema.pdf
2025-07-19 12:54:52,490 - INFO - Successfully scraped cl_st1_ph1_fernanda_folders\raa\22\r06\u270\RAA 2023 Fatec Cotia.pdf
2025-07-19 12:54:52,651 - INFO - Successfully scraped cl_st1_ph1_fernanda_folders\raa\23\r06\u005\RAA 2023-2024 Fatec Baixada Santista.pdf
2025-07-19 12:54:52,766 - INFO - Successfully scraped cl_st1_ph1_fernanda_folders\raa\23\r06\u113\RAA 2023-2024 Fatec Mauá.pdf
2025-07-19 12:54:52,776 - INFO - Successfully scraped cl_st1_ph1_fernanda_folders\raa\23\r06\u126\RAA 2023-2024 Fatec São Bernardo do Campo.pdf
2025-07-19 12:54:52,987 - INFO - Successfully scraped cl_st1_ph1_fernanda_folders\raa\23\r06\u129\RAA 2023-2024 Fatec Praia Grande.pdf
2025-07-19 12:54:53,126 - INFO - Successfully scraped cl_st1_ph1_fernanda_folders\raa\23\r06\u137\RAA 2023-2024 Fatec Zona Sul.pdf
2025-07-19 12:54:53,254 - INFO - Successfully scraped cl_st1_ph1_fernanda_folders\raa\23\r06\u160\RAA 2023-2024 Fatec Santo André.pdf
2025-07-19 12:54:53,468 - INFO - Successfully scraped cl_st1_ph1_fernanda_folders\raa\23\r06\u168\RAA 2023-2024 Fatec São Caetano do Sul.pdf
2025-07-19 12:54:53,606 - INFO - Successfully scraped cl_st1_ph1_fernanda_folders\raa\23\r06\u204\RAA 2023-2024 Fatec Ipiranga.pdf
2025-07-19 12:54:53,765 - INFO - Successfully scraped cl_st1_ph1_fernanda_folders\raa\23\r06\u217\RAA 2023-2024 Fatec Ipiranga.pdf
2025-07-19 12:54:53,910 - INFO - Successfully scraped cl_st1_ph1_fernanda_folders\raa\23\r06\u270\RAA 2023-2024 Fatec Cotia.pdf
2025-07-19 12:54:54,338 - INFO - Successfully scraped cl_st1_ph1_fernanda_folders\raa\24\r06\u005\PP_RAA 2024 Fatec_Baixada Santista.pdf
2025-07-19 12:54:54,497 - INFO - Successfully scraped cl_st1_ph1_fernanda_folders\raa\24\r06\u113\PP_RAA 2024 Fatec_Mauá.pdf
2025-07-19 12:54:54,686 - INFO - Successfully scraped cl_st1_ph1_fernanda_folders\raa\24\r06\u129\PP_RAA 2024 Fatec_Praia Grande.pdf
2025-07-19 12:54:54,781 - INFO - Successfully scraped cl_st1_ph1_fernanda_folders\raa\24\r06\u137\PP_RAA 2024 Fatec_Zona Sul.pdf
2025-07-19 12:54:54,971 - INFO - Successfully scraped cl_st1_ph1_fernanda_folders\raa\24\r06\u160\PP_RAA 2024 Fatec_Santo André.pdf
2025-07-19 12:54:55,131 - INFO - Successfully scraped cl_st1_ph1_fernanda_folders\raa\24\r06\u168\PP_RAA 2024 Fatec_São Caetano do Sul.pdf
2025-07-19 12:54:55,146 - INFO - Successfully scraped cl_st1_ph1_fernanda_folders\raa\24\r06\u204\PP_RAA 2024 Fatec_Ipiranga.pdf
2025-07-19 12:54:55,305 - INFO - Successfully scraped cl_st1_ph1_fernanda_folders\raa\24\r06\u217\PP_RAA 2024 Fatec_Diadema.pdf
2025-07-19 12:54:55,574 - INFO - Successfully scraped cl_st1_ph1_fernanda_folders\raa\24\r06\u270\PP_RAA 2024 Fatec_Cotia.pdf
2025-07-19 12:54:55,638 - INFO - Successfully scraped cl_st1_ph1_fernanda_folders\rade\23-24\r06\u129\RADE e2022_r2024 Fatec_Praia Grande v.02.pdf
2025-07-19 12:54:55,669 - INFO - Successfully scraped cl_st1_ph1_fernanda_folders\rade\23-24\r06\u137\RADE e2022_r2024 Fatec_Zona Sul v.02.pdf
2025-07-19 12:54:55,685 - INFO - Successfully scraped cl_st1_ph1_fernanda_folders\rade\23-24\r06\u168\RADE e2022_r2024 Fatec_São Caetano do Sul v.02.pdf
2025-07-19 12:54:55,701 - INFO - Successfully scraped cl_st1_ph1_fernanda_folders\rade\23-24\r06\u270\RADE e2022_r2024 Fatec_Cotia v.02.pdf
2025-07-19 12:56:17,365 - INFO - Copied: cl_st1_ph1_fernanda_folders\cpa\22-23\r06\u005\CPA 2023 Fatec Baixada Santista.pdf to cl_st1_ph1_output\t000000.pdf
2025-07-19 12:56:17,381 - INFO - Copied: cl_st1_ph1_fernanda_folders\cpa\22-23\r06\u113\CPA 2023 Fatec Mauá.pdf to cl_st1_ph1_output\t000001.pdf
2025-07-19 12:56:17,383 - INFO - Copied: cl_st1_ph1_fernanda_folders\cpa\22-23\r06\u126\CPA 2023 Fatec São Bernardo do Campo.pdf to cl_st1_ph1_output\t000002.pdf
2025-07-19 12:56:17,383 - INFO - Copied: cl_st1_ph1_fernanda_folders\cpa\22-23\r06\u129\CPA 2023 Fatec Praia Grande.pdf to cl_st1_ph1_output\t000003.pdf
2025-07-19 12:56:17,393 - INFO - Copied: cl_st1_ph1_fernanda_folders\cpa\22-23\r06\u137\CPA 2023 Fatec Zona Sul.pdf to cl_st1_ph1_output\t000004.pdf
2025-07-19 12:56:17,398 - INFO - Copied: cl_st1_ph1_fernanda_folders\cpa\22-23\r06\u160\CPA 2023 FATEC Santo André.pdf to cl_st1_ph1_output\t000005.pdf
2025-07-19 12:56:17,402 - INFO - Copied: cl_st1_ph1_fernanda_folders\cpa\22-23\r06\u168\CPA 2023 Fatec São Caetano do Sul.pdf to cl_st1_ph1_output\t000006.pdf
2025-07-19 12:56:17,402 - INFO - Copied: cl_st1_ph1_fernanda_folders\cpa\22-23\r06\u204\CPA 2023 Fatec Ipiranga.pdf to cl_st1_ph1_output\t000007.pdf
2025-07-19 12:56:17,402 - INFO - Copied: cl_st1_ph1_fernanda_folders\cpa\22-23\r06\u217\CPA 2023 Fatec Diadema.pdf to cl_st1_ph1_output\t000008.pdf
2025-07-19 12:56:17,402 - INFO - Copied: cl_st1_ph1_fernanda_folders\cpa\22-23\r06\u270\CPA 2023 Fatec Cotia.pdf to cl_st1_ph1_output\t000009.pdf
2025-07-19 12:56:17,417 - INFO - Copied: cl_st1_ph1_fernanda_folders\cpa\23-24\r06\u005\CPA 2023-2024 Fatec Baixada Santista.pdf to cl_st1_ph1_output\t000010.pdf
2025-07-19 12:56:17,417 - INFO - Copied: cl_st1_ph1_fernanda_folders\cpa\23-24\r06\u113\CPA 2023-2024 Fatec Mauá.pdf to cl_st1_ph1_output\t000011.pdf
2025-07-19 12:56:17,417 - INFO - Copied: cl_st1_ph1_fernanda_folders\cpa\23-24\r06\u126\CPA 2023-2024 Fatec São Bernardo do Campo.pdf to cl_st1_ph1_output\t000012.pdf
2025-07-19 12:56:17,433 - INFO - Copied: cl_st1_ph1_fernanda_folders\cpa\23-24\r06\u129\CPA 2023-2024 Fatec Praia Grande.pdf to cl_st1_ph1_output\t000013.pdf
2025-07-19 12:56:17,433 - INFO - Copied: cl_st1_ph1_fernanda_folders\cpa\23-24\r06\u137\CPA 2023-2024 Fatec Zona Sul.pdf to cl_st1_ph1_output\t000014.pdf
2025-07-19 12:56:17,433 - INFO - Copied: cl_st1_ph1_fernanda_folders\cpa\23-24\r06\u160\CPA 2023-2024 Fatec Santo André.pdf to cl_st1_ph1_output\t000015.pdf
2025-07-19 12:56:17,433 - INFO - Copied: cl_st1_ph1_fernanda_folders\cpa\23-24\r06\u168\CPA 2023-2024 Fatec São Caetano do Sul.pdf to cl_st1_ph1_output\t000016.pdf
2025-07-19 12:56:17,433 - INFO - Copied: cl_st1_ph1_fernanda_folders\cpa\23-24\r06\u204\CPA 2023-2024 Fatec Ipiranga.pdf to cl_st1_ph1_output\t000017.pdf
2025-07-19 12:56:17,449 - INFO - Copied: cl_st1_ph1_fernanda_folders\cpa\23-24\r06\u217\CPA 2023-2024 Fatec Diadema.pdf to cl_st1_ph1_output\t000018.pdf
2025-07-19 12:56:17,449 - INFO - Copied: cl_st1_ph1_fernanda_folders\cpa\23-24\r06\u270\CPA 2023-2024 Fatec Cotia.pdf to cl_st1_ph1_output\t000019.pdf
2025-07-19 12:56:17,449 - INFO - Copied: cl_st1_ph1_fernanda_folders\cpa\24-25\r06\u005\CPA 2025 Fatec Baixada Santista.pdf to cl_st1_ph1_output\t000020.pdf
2025-07-19 12:56:17,465 - INFO - Copied: cl_st1_ph1_fernanda_folders\cpa\24-25\r06\u113\CPA 2025 Fatec Mauá.pdf to cl_st1_ph1_output\t000021.pdf
2025-07-19 12:56:17,465 - INFO - Copied: cl_st1_ph1_fernanda_folders\cpa\24-25\r06\u126\CPA 2025 Fatec São Bernardo do Campo.pdf to cl_st1_ph1_output\t000022.pdf
2025-07-19 12:56:17,480 - INFO - Copied: cl_st1_ph1_fernanda_folders\cpa\24-25\r06\u129\CPA 2025 Fatec Praia Grande.pdf to cl_st1_ph1_output\t000023.pdf
2025-07-19 12:56:17,486 - INFO - Copied: cl_st1_ph1_fernanda_folders\cpa\24-25\r06\u137\CPA 2025 Fatec Zona Sul.pdf to cl_st1_ph1_output\t000024.pdf
2025-07-19 12:56:17,491 - INFO - Copied: cl_st1_ph1_fernanda_folders\cpa\24-25\r06\u160\CPA 2025 Fatec Santo André.pdf to cl_st1_ph1_output\t000025.pdf
2025-07-19 12:56:17,493 - INFO - Copied: cl_st1_ph1_fernanda_folders\cpa\24-25\r06\u168\CPA 2025 Fatec São Caetano do Sul.pdf to cl_st1_ph1_output\t000026.pdf
2025-07-19 12:56:17,498 - INFO - Copied: cl_st1_ph1_fernanda_folders\cpa\24-25\r06\u204\CPA 2025 Fatec Ipiranga.pdf to cl_st1_ph1_output\t000027.pdf
2025-07-19 12:56:17,500 - INFO - Copied: cl_st1_ph1_fernanda_folders\cpa\24-25\r06\u217\CPA 2025 Fatec Diadema.pdf to cl_st1_ph1_output\t000028.pdf
2025-07-19 12:56:17,508 - INFO - Copied: cl_st1_ph1_fernanda_folders\cpa\24-25\r06\u270\CPA 2025 Fatec Cotia.pdf to cl_st1_ph1_output\t000029.pdf
2025-07-19 12:56:17,513 - INFO - Copied: cl_st1_ph1_fernanda_folders\pdi\23\r06\u005\PDI 2023_u005_ Fatec Baixada Santista.pdf to cl_st1_ph1_output\t000030.pdf
2025-07-19 12:56:17,519 - INFO - Copied: cl_st1_ph1_fernanda_folders\pdi\23\r06\u113\PDI 2023_u113_ Fatec Mauá.pdf to cl_st1_ph1_output\t000031.pdf
2025-07-19 12:56:17,526 - INFO - Copied: cl_st1_ph1_fernanda_folders\pdi\23\r06\u126\PDI 2023_u126_ Fatec São Bernardo do Campo.pdf to cl_st1_ph1_output\t000032.pdf
2025-07-19 12:56:17,531 - INFO - Copied: cl_st1_ph1_fernanda_folders\pdi\23\r06\u129\PDI 2023_u129_Fatec Praia Grande.pdf to cl_st1_ph1_output\t000033.pdf
2025-07-19 12:56:17,535 - INFO - Copied: cl_st1_ph1_fernanda_folders\pdi\23\r06\u137\PDI 2023_u137_ Fatec Zona Sul.pdf to cl_st1_ph1_output\t000034.pdf
2025-07-19 12:56:17,543 - INFO - Copied: cl_st1_ph1_fernanda_folders\pdi\23\r06\u160\PDI 2023_u160_ Fatec Santo André.pdf to cl_st1_ph1_output\t000035.pdf
2025-07-19 12:56:17,549 - INFO - Copied: cl_st1_ph1_fernanda_folders\pdi\23\r06\u168\PDI 2023_u168_ Fatec São Caetano do Sul.pdf to cl_st1_ph1_output\t000036.pdf
2025-07-19 12:56:17,552 - INFO - Copied: cl_st1_ph1_fernanda_folders\pdi\23\r06\u204\PDI 2023-u204_ Fatec Ipiranga.pdf to cl_st1_ph1_output\t000037.pdf
2025-07-19 12:56:17,556 - INFO - Copied: cl_st1_ph1_fernanda_folders\pdi\23\r06\u217\PDI 2023_u217_ Fatec Diadema.pdf to cl_st1_ph1_output\t000038.pdf
2025-07-19 12:56:17,558 - INFO - Copied: cl_st1_ph1_fernanda_folders\pdi\23\r06\u270\PDI 2023_u270_ Fatec Cotia.pdf to cl_st1_ph1_output\t000039.pdf
2025-07-19 12:56:17,558 - INFO - Copied: cl_st1_ph1_fernanda_folders\pga\23\r06\u005\PGA 2023 Fatec Baixada Santista.pdf to cl_st1_ph1_output\t000040.pdf
2025-07-19 12:56:17,558 - INFO - Copied: cl_st1_ph1_fernanda_folders\pga\23\r06\u113\PGA 2023 Fatec Mauá.pdf to cl_st1_ph1_output\t000041.pdf
2025-07-19 12:56:17,558 - INFO - Copied: cl_st1_ph1_fernanda_folders\pga\23\r06\u126\PGA 2023 Fatec São Bernardo do Campo.pdf to cl_st1_ph1_output\t000042.pdf
2025-07-19 12:56:17,558 - INFO - Copied: cl_st1_ph1_fernanda_folders\pga\23\r06\u129\PGA 2023 Fatec Praia Grande.pdf to cl_st1_ph1_output\t000043.pdf
2025-07-19 12:56:17,558 - INFO - Copied: cl_st1_ph1_fernanda_folders\pga\23\r06\u137\PGA 2023 Fatec Zona Sul.pdf to cl_st1_ph1_output\t000044.pdf
2025-07-19 12:56:17,558 - INFO - Copied: cl_st1_ph1_fernanda_folders\pga\23\r06\u160\PGA 2023 Fatec Santo André.pdf to cl_st1_ph1_output\t000045.pdf
2025-07-19 12:56:17,575 - INFO - Copied: cl_st1_ph1_fernanda_folders\pga\23\r06\u168\PGA 2023 Fatec São Caetano do Sul.pdf to cl_st1_ph1_output\t000046.pdf
2025-07-19 12:56:17,575 - INFO - Copied: cl_st1_ph1_fernanda_folders\pga\23\r06\u204\PGA 2023 Fatec Ipiranga.pdf to cl_st1_ph1_output\t000047.pdf
2025-07-19 12:56:17,575 - INFO - Copied: cl_st1_ph1_fernanda_folders\pga\23\r06\u217\PGA 2023 Fatec Diadema.pdf to cl_st1_ph1_output\t000048.pdf
2025-07-19 12:56:17,575 - INFO - Copied: cl_st1_ph1_fernanda_folders\pga\23\r06\u270\PGA 2023 Fatec Cotia.pdf to cl_st1_ph1_output\t000049.pdf
2025-07-19 12:56:17,575 - INFO - Copied: cl_st1_ph1_fernanda_folders\pga\24\r06\u005\PGA 2024 Fatec Baixada Santista.pdf to cl_st1_ph1_output\t000050.pdf
2025-07-19 12:56:17,583 - INFO - Copied: cl_st1_ph1_fernanda_folders\pga\24\r06\u113\PGA 2024 Fatec Mauá.pdf to cl_st1_ph1_output\t000051.pdf
2025-07-19 12:56:17,583 - INFO - Copied: cl_st1_ph1_fernanda_folders\pga\24\r06\u126\PGA 2024 Fatec São Bernardo do Campo.pdf to cl_st1_ph1_output\t000052.pdf
2025-07-19 12:56:17,583 - INFO - Copied: cl_st1_ph1_fernanda_folders\pga\24\r06\u129\PGA 2024 Fatec Praia Grande.pdf to cl_st1_ph1_output\t000053.pdf
2025-07-19 12:56:17,589 - INFO - Copied: cl_st1_ph1_fernanda_folders\pga\24\r06\u137\PGA 2024 Fatec Zona Sul.pdf to cl_st1_ph1_output\t000054.pdf
2025-07-19 12:56:17,589 - INFO - Copied: cl_st1_ph1_fernanda_folders\pga\24\r06\u160\PGA 2024 Fatec Santo André.pdf to cl_st1_ph1_output\t000055.pdf
2025-07-19 12:56:17,589 - INFO - Copied: cl_st1_ph1_fernanda_folders\pga\24\r06\u168\PGA 2024 Fatec São Caetano do Sul.pdf to cl_st1_ph1_output\t000056.pdf
2025-07-19 12:56:17,589 - INFO - Copied: cl_st1_ph1_fernanda_folders\pga\24\r06\u204\PGA 2024 Fatec Ipiranga.pdf to cl_st1_ph1_output\t000057.pdf
2025-07-19 12:56:17,589 - INFO - Copied: cl_st1_ph1_fernanda_folders\pga\24\r06\u217\PGA 2024 Fatec Diadema.pdf to cl_st1_ph1_output\t000058.pdf
2025-07-19 12:56:17,589 - INFO - Copied: cl_st1_ph1_fernanda_folders\pga\24\r06\u270\PGA 2024 Fatec Cotia (1).pdf to cl_st1_ph1_output\t000059.pdf
2025-07-19 12:56:17,589 - INFO - Copied: cl_st1_ph1_fernanda_folders\pga\25\r06\u005\PGA 2025_Fatec Baixada Santista.pdf to cl_st1_ph1_output\t000060.pdf
2025-07-19 12:56:17,605 - INFO - Copied: cl_st1_ph1_fernanda_folders\pga\25\r06\u113\PGA 2025_Fatec Mauá.pdf to cl_st1_ph1_output\t000061.pdf
2025-07-19 12:56:17,605 - INFO - Copied: cl_st1_ph1_fernanda_folders\pga\25\r06\u126\PGA 2025_Fatec São Bernardo do Campo.pdf to cl_st1_ph1_output\t000062.pdf
2025-07-19 12:56:17,605 - INFO - Copied: cl_st1_ph1_fernanda_folders\pga\25\r06\u129\PGA 2025_Fatec Praia Grande.pdf to cl_st1_ph1_output\t000063.pdf
2025-07-19 12:56:17,605 - INFO - Copied: cl_st1_ph1_fernanda_folders\pga\25\r06\u137\PGA 2025_Fatec Zona Sul.pdf to cl_st1_ph1_output\t000064.pdf
2025-07-19 12:56:17,621 - INFO - Copied: cl_st1_ph1_fernanda_folders\pga\25\r06\u160\PGA 2025_Fatec Santo André.pdf to cl_st1_ph1_output\t000065.pdf
2025-07-19 12:56:17,623 - INFO - Copied: cl_st1_ph1_fernanda_folders\pga\25\r06\u168\PGA 2025_Fatec São Caetano do Sul.pdf to cl_st1_ph1_output\t000066.pdf
2025-07-19 12:56:17,623 - INFO - Copied: cl_st1_ph1_fernanda_folders\pga\25\r06\u204\PGA 2025_Fatec Ipiranga.pdf to cl_st1_ph1_output\t000067.pdf
2025-07-19 12:56:17,623 - INFO - Copied: cl_st1_ph1_fernanda_folders\pga\25\r06\u217\PGA 2025_Fatec Diadema.pdf to cl_st1_ph1_output\t000068.pdf
2025-07-19 12:56:17,623 - INFO - Copied: cl_st1_ph1_fernanda_folders\pga\25\r06\u270\PGA 2025_Fatec Cotia.pdf to cl_st1_ph1_output\t000069.pdf
2025-07-19 12:56:17,637 - INFO - Copied: cl_st1_ph1_fernanda_folders\pga\26\r06\u005\PGA 2026 Fatec Baixada Santista.pdf to cl_st1_ph1_output\t000070.pdf
2025-07-19 12:56:17,637 - INFO - Copied: cl_st1_ph1_fernanda_folders\pga\26\r06\u113\PGA 2026 Fatec Mauá.pdf to cl_st1_ph1_output\t000071.pdf
2025-07-19 12:56:17,637 - INFO - Copied: cl_st1_ph1_fernanda_folders\pga\26\r06\u126\PGA 2026 Fatec São Bernardo do Campo.pdf to cl_st1_ph1_output\t000072.pdf
2025-07-19 12:56:17,647 - INFO - Copied: cl_st1_ph1_fernanda_folders\pga\26\r06\u129\PGA 2026 Fatec Praia Grande.pdf to cl_st1_ph1_output\t000073.pdf
2025-07-19 12:56:17,649 - INFO - Copied: cl_st1_ph1_fernanda_folders\pga\26\r06\u137\PGA 2026 Fatec Zona Sul.pdf to cl_st1_ph1_output\t000074.pdf
2025-07-19 12:56:17,653 - INFO - Copied: cl_st1_ph1_fernanda_folders\pga\26\r06\u160\PGA 2026 Fatec Santo André.pdf to cl_st1_ph1_output\t000075.pdf
2025-07-19 12:56:17,653 - INFO - Copied: cl_st1_ph1_fernanda_folders\pga\26\r06\u168\PGA 2026 Fatec São Caetano do Sul.pdf to cl_st1_ph1_output\t000076.pdf
2025-07-19 12:56:17,659 - INFO - Copied: cl_st1_ph1_fernanda_folders\pga\26\r06\u204\PGA 2026 Fatec Ipiranga.pdf to cl_st1_ph1_output\t000077.pdf
2025-07-19 12:56:17,659 - INFO - Copied: cl_st1_ph1_fernanda_folders\pga\26\r06\u217\PGA 2026 Fatec Diadema.pdf to cl_st1_ph1_output\t000078.pdf
2025-07-19 12:56:17,659 - INFO - Copied: cl_st1_ph1_fernanda_folders\pga\26\r06\u270\PGA 2026 Fatec Cotia.pdf to cl_st1_ph1_output\t000079.pdf
2025-07-19 12:56:17,669 - INFO - Copied: cl_st1_ph1_fernanda_folders\raa\22\r06\u005\RAA 2023 Fatec Baixada Santista.pdf to cl_st1_ph1_output\t000080.pdf
2025-07-19 12:56:17,672 - INFO - Copied: cl_st1_ph1_fernanda_folders\raa\22\r06\u113\RAA 2023 Fatec Mauá.pdf to cl_st1_ph1_output\t000081.pdf
2025-07-19 12:56:17,672 - INFO - Copied: cl_st1_ph1_fernanda_folders\raa\22\r06\u126\RAA 2023 Fatec São Bernardo do Campo.pdf to cl_st1_ph1_output\t000082.pdf
2025-07-19 12:56:17,672 - INFO - Copied: cl_st1_ph1_fernanda_folders\raa\22\r06\u129\RAA 2023 Fatec Praia Grande.pdf to cl_st1_ph1_output\t000083.pdf
2025-07-19 12:56:17,672 - INFO - Copied: cl_st1_ph1_fernanda_folders\raa\22\r06\u137\RAA 2023 Fatec Zona Sul.pdf to cl_st1_ph1_output\t000084.pdf
2025-07-19 12:56:17,672 - INFO - Copied: cl_st1_ph1_fernanda_folders\raa\22\r06\u160\RAA 2023 Fatec Santo André.pdf to cl_st1_ph1_output\t000085.pdf
2025-07-19 12:56:17,672 - INFO - Copied: cl_st1_ph1_fernanda_folders\raa\22\r06\u168\RAA 2023 Fatec São Caetano do Sul.pdf to cl_st1_ph1_output\t000086.pdf
2025-07-19 12:56:17,684 - INFO - Copied: cl_st1_ph1_fernanda_folders\raa\22\r06\u204\RAA 2023 Fatec Ipiranga.pdf to cl_st1_ph1_output\t000087.pdf
2025-07-19 12:56:17,687 - INFO - Copied: cl_st1_ph1_fernanda_folders\raa\22\r06\u217\RAA 2023 Fatec Diadema.pdf to cl_st1_ph1_output\t000088.pdf
2025-07-19 12:56:17,687 - INFO - Copied: cl_st1_ph1_fernanda_folders\raa\22\r06\u270\RAA 2023 Fatec Cotia.pdf to cl_st1_ph1_output\t000089.pdf
2025-07-19 12:56:17,687 - INFO - Copied: cl_st1_ph1_fernanda_folders\raa\23\r06\u005\RAA 2023-2024 Fatec Baixada Santista.pdf to cl_st1_ph1_output\t000090.pdf
2025-07-19 12:56:17,695 - INFO - Copied: cl_st1_ph1_fernanda_folders\raa\23\r06\u113\RAA 2023-2024 Fatec Mauá.pdf to cl_st1_ph1_output\t000091.pdf
2025-07-19 12:56:17,695 - INFO - Copied: cl_st1_ph1_fernanda_folders\raa\23\r06\u126\RAA 2023-2024 Fatec São Bernardo do Campo.pdf to cl_st1_ph1_output\t000092.pdf
2025-07-19 12:56:17,695 - INFO - Copied: cl_st1_ph1_fernanda_folders\raa\23\r06\u129\RAA 2023-2024 Fatec Praia Grande.pdf to cl_st1_ph1_output\t000093.pdf
2025-07-19 12:56:17,709 - INFO - Copied: cl_st1_ph1_fernanda_folders\raa\23\r06\u137\RAA 2023-2024 Fatec Zona Sul.pdf to cl_st1_ph1_output\t000094.pdf
2025-07-19 12:56:17,709 - INFO - Copied: cl_st1_ph1_fernanda_folders\raa\23\r06\u160\RAA 2023-2024 Fatec Santo André.pdf to cl_st1_ph1_output\t000095.pdf
2025-07-19 12:56:17,709 - INFO - Copied: cl_st1_ph1_fernanda_folders\raa\23\r06\u168\RAA 2023-2024 Fatec São Caetano do Sul.pdf to cl_st1_ph1_output\t000096.pdf
2025-07-19 12:56:17,719 - INFO - Copied: cl_st1_ph1_fernanda_folders\raa\23\r06\u204\RAA 2023-2024 Fatec Ipiranga.pdf to cl_st1_ph1_output\t000097.pdf
2025-07-19 12:56:17,719 - INFO - Copied: cl_st1_ph1_fernanda_folders\raa\23\r06\u217\RAA 2023-2024 Fatec Ipiranga.pdf to cl_st1_ph1_output\t000098.pdf
2025-07-19 12:56:17,719 - INFO - Copied: cl_st1_ph1_fernanda_folders\raa\23\r06\u270\RAA 2023-2024 Fatec Cotia.pdf to cl_st1_ph1_output\t000099.pdf
2025-07-19 12:56:17,729 - INFO - Copied: cl_st1_ph1_fernanda_folders\raa\24\r06\u005\PP_RAA 2024 Fatec_Baixada Santista.pdf to cl_st1_ph1_output\t000100.pdf
2025-07-19 12:56:17,735 - INFO - Copied: cl_st1_ph1_fernanda_folders\raa\24\r06\u113\PP_RAA 2024 Fatec_Mauá.pdf to cl_st1_ph1_output\t000101.pdf
2025-07-19 12:56:17,735 - INFO - Copied: cl_st1_ph1_fernanda_folders\raa\24\r06\u129\PP_RAA 2024 Fatec_Praia Grande.pdf to cl_st1_ph1_output\t000102.pdf
2025-07-19 12:56:17,735 - INFO - Copied: cl_st1_ph1_fernanda_folders\raa\24\r06\u137\PP_RAA 2024 Fatec_Zona Sul.pdf to cl_st1_ph1_output\t000103.pdf
2025-07-19 12:56:17,751 - INFO - Copied: cl_st1_ph1_fernanda_folders\raa\24\r06\u160\PP_RAA 2024 Fatec_Santo André.pdf to cl_st1_ph1_output\t000104.pdf
2025-07-19 12:56:17,751 - INFO - Copied: cl_st1_ph1_fernanda_folders\raa\24\r06\u168\PP_RAA 2024 Fatec_São Caetano do Sul.pdf to cl_st1_ph1_output\t000105.pdf
2025-07-19 12:56:17,751 - INFO - Copied: cl_st1_ph1_fernanda_folders\raa\24\r06\u204\PP_RAA 2024 Fatec_Ipiranga.pdf to cl_st1_ph1_output\t000106.pdf
2025-07-19 12:56:17,751 - INFO - Copied: cl_st1_ph1_fernanda_folders\raa\24\r06\u217\PP_RAA 2024 Fatec_Diadema.pdf to cl_st1_ph1_output\t000107.pdf
2025-07-19 12:56:17,767 - INFO - Copied: cl_st1_ph1_fernanda_folders\raa\24\r06\u270\PP_RAA 2024 Fatec_Cotia.pdf to cl_st1_ph1_output\t000108.pdf
2025-07-19 12:56:17,767 - INFO - Copied: cl_st1_ph1_fernanda_folders\rade\23-24\r06\u129\RADE e2022_r2024 Fatec_Praia Grande v.02.pdf to cl_st1_ph1_output\t000109.pdf
2025-07-19 12:56:17,767 - INFO - Copied: cl_st1_ph1_fernanda_folders\rade\23-24\r06\u137\RADE e2022_r2024 Fatec_Zona Sul v.02.pdf to cl_st1_ph1_output\t000110.pdf
2025-07-19 12:56:17,767 - INFO - Copied: cl_st1_ph1_fernanda_folders\rade\23-24\r06\u168\RADE e2022_r2024 Fatec_São Caetano do Sul v.02.pdf to cl_st1_ph1_output\t000111.pdf
2025-07-19 12:56:17,767 - INFO - Copied: cl_st1_ph1_fernanda_folders\rade\23-24\r06\u270\RADE e2022_r2024 Fatec_Cotia v.02.pdf to cl_st1_ph1_output\t000112.pdf
